<?xml version="1.0" encoding="UTF-8"?>
<coverage generated="1760733639662" clover="3.2.0">
  <project timestamp="1760733639662" name="All files">
    <metrics statements="214" coveredstatements="187" conditionals="189" coveredconditionals="128" methods="36" coveredmethods="29" elements="439" coveredelements="344" complexity="0" loc="214" ncloc="214" packages="3" files="7" classes="7"/>
    <package name="Server">
      <metrics statements="17" coveredstatements="17" conditionals="0" coveredconditionals="0" methods="1" coveredmethods="0"/>
      <file name="app.js" path="C:\Users\PC\Desktop\4353-Software-Design-Project-\Server\app.js">
        <metrics statements="17" coveredstatements="17" conditionals="0" coveredconditionals="0" methods="1" coveredmethods="0"/>
        <line num="2" count="8" type="stmt"/>
        <line num="3" count="8" type="stmt"/>
        <line num="6" count="8" type="stmt"/>
        <line num="7" count="8" type="stmt"/>
        <line num="8" count="8" type="stmt"/>
        <line num="9" count="8" type="stmt"/>
        <line num="10" count="8" type="stmt"/>
        <line num="12" count="8" type="stmt"/>
        <line num="15" count="8" type="stmt"/>
        <line num="16" count="8" type="stmt"/>
        <line num="19" count="8" type="stmt"/>
        <line num="22" count="8" type="stmt"/>
        <line num="23" count="8" type="stmt"/>
        <line num="24" count="8" type="stmt"/>
        <line num="25" count="8" type="stmt"/>
        <line num="26" count="8" type="stmt"/>
        <line num="28" count="8" type="stmt"/>
      </file>
    </package>
    <package name="Server.data">
      <metrics statements="10" coveredstatements="10" conditionals="0" coveredconditionals="0" methods="1" coveredmethods="1"/>
      <file name="mockData.js" path="C:\Users\PC\Desktop\4353-Software-Design-Project-\Server\data\mockData.js">
        <metrics statements="10" coveredstatements="10" conditionals="0" coveredconditionals="0" methods="1" coveredmethods="1"/>
        <line num="4" count="8" type="stmt"/>
        <line num="99" count="8" type="stmt"/>
        <line num="100" count="8" type="stmt"/>
        <line num="101" count="8" type="stmt"/>
        <line num="102" count="8" type="stmt"/>
        <line num="106" count="22" type="stmt"/>
        <line num="107" count="22" type="stmt"/>
        <line num="108" count="22" type="stmt"/>
        <line num="109" count="22" type="stmt"/>
        <line num="112" count="8" type="stmt"/>
      </file>
    </package>
    <package name="Server.routes">
      <metrics statements="187" coveredstatements="160" conditionals="189" coveredconditionals="128" methods="34" coveredmethods="28"/>
      <file name="authRoutes.js" path="C:\Users\PC\Desktop\4353-Software-Design-Project-\Server\routes\authRoutes.js">
        <metrics statements="36" coveredstatements="24" conditionals="22" coveredconditionals="9" methods="5" coveredmethods="2"/>
        <line num="2" count="8" type="stmt"/>
        <line num="3" count="8" type="stmt"/>
        <line num="4" count="8" type="stmt"/>
        <line num="5" count="8" type="stmt"/>
        <line num="6" count="8" type="stmt"/>
        <line num="9" count="8" type="cond" truecount="2" falsecount="0"/>
        <line num="10" count="8" type="stmt"/>
        <line num="13" count="8" type="stmt"/>
        <line num="14" count="0" type="cond" truecount="0" falsecount="2"/>
        <line num="16" count="0" type="stmt"/>
        <line num="20" count="8" type="stmt"/>
        <line num="21" count="4" type="cond" truecount="1" falsecount="1"/>
        <line num="23" count="4" type="stmt"/>
        <line num="25" count="4" type="stmt"/>
        <line num="26" count="4" type="cond" truecount="2" falsecount="0"/>
        <line num="27" count="2" type="stmt"/>
        <line num="30" count="2" type="stmt"/>
        <line num="40" count="2" type="stmt"/>
        <line num="42" count="0" type="stmt"/>
        <line num="43" count="0" type="stmt"/>
        <line num="48" count="8" type="stmt"/>
        <line num="49" count="2" type="stmt"/>
        <line num="50" count="2" type="cond" truecount="2" falsecount="0"/>
        <line num="51" count="2" type="cond" truecount="2" falsecount="0"/>
        <line num="52" count="1" type="stmt"/>
        <line num="53" count="1" type="stmt"/>
        <line num="58" count="0" type="stmt"/>
        <line num="59" count="0" type="cond" truecount="0" falsecount="2"/>
        <line num="60" count="0" type="cond" truecount="0" falsecount="2"/>
        <line num="61" count="0" type="cond" truecount="0" falsecount="2"/>
        <line num="63" count="0" type="cond" truecount="0" falsecount="2"/>
        <line num="64" count="0" type="cond" truecount="0" falsecount="2"/>
        <line num="65" count="0" type="stmt"/>
        <line num="66" count="0" type="stmt"/>
        <line num="70" count="8" type="stmt"/>
        <line num="71" count="8" type="stmt"/>
      </file>
      <file name="eventRoutes.js" path="C:\Users\PC\Desktop\4353-Software-Design-Project-\Server\routes\eventRoutes.js">
        <metrics statements="12" coveredstatements="12" conditionals="2" coveredconditionals="2" methods="3" coveredmethods="3"/>
        <line num="2" count="8" type="stmt"/>
        <line num="3" count="8" type="stmt"/>
        <line num="4" count="8" type="stmt"/>
        <line num="7" count="8" type="stmt"/>
        <line num="8" count="1" type="stmt"/>
        <line num="12" count="8" type="stmt"/>
        <line num="13" count="2" type="stmt"/>
        <line num="14" count="3" type="stmt"/>
        <line num="15" count="2" type="cond" truecount="2" falsecount="0"/>
        <line num="16" count="1" type="stmt"/>
        <line num="18" count="1" type="stmt"/>
        <line num="21" count="8" type="stmt"/>
      </file>
      <file name="inboxRoutes.js" path="C:\Users\PC\Desktop\4353-Software-Design-Project-\Server\routes\inboxRoutes.js">
        <metrics statements="53" coveredstatements="53" conditionals="44" coveredconditionals="38" methods="13" coveredmethods="13"/>
        <line num="1" count="8" type="stmt"/>
        <line num="2" count="8" type="stmt"/>
        <line num="3" count="8" type="stmt"/>
        <line num="6" count="23" type="cond" truecount="2" falsecount="0"/>
        <line num="9" count="8" type="stmt"/>
        <line num="10" count="3" type="stmt"/>
        <line num="11" count="3" type="cond" truecount="1" falsecount="1"/>
        <line num="13" count="6" type="stmt"/>
        <line num="14" count="6" type="cond" truecount="1" falsecount="1"/>
        <line num="17" count="3" type="stmt"/>
        <line num="18" count="3" type="stmt"/>
        <line num="22" count="8" type="stmt"/>
        <line num="23" count="5" type="cond" truecount="1" falsecount="1"/>
        <line num="24" count="5" type="stmt"/>
        <line num="26" count="5" type="cond" truecount="2" falsecount="0"/>
        <line num="27" count="5" type="cond" truecount="2" falsecount="0"/>
        <line num="28" count="5" type="cond" truecount="2" falsecount="0"/>
        <line num="29" count="5" type="cond" truecount="2" falsecount="0"/>
        <line num="32" count="5" type="cond" truecount="2" falsecount="0"/>
        <line num="33" count="3" type="cond" truecount="4" falsecount="0"/>
        <line num="34" count="1" type="stmt"/>
        <line num="38" count="5" type="cond" truecount="2" falsecount="0"/>
        <line num="41" count="3" type="cond" truecount="4" falsecount="0"/>
        <line num="42" count="2" type="stmt"/>
        <line num="44" count="5" type="cond" truecount="4" falsecount="0"/>
        <line num="50" count="2" type="cond" truecount="2" falsecount="0"/>
        <line num="52" count="1" type="stmt"/>
        <line num="61" count="2" type="stmt"/>
        <line num="62" count="2" type="stmt"/>
        <line num="64" count="2" type="stmt"/>
        <line num="74" count="2" type="stmt"/>
        <line num="76" count="2" type="stmt"/>
        <line num="80" count="8" type="stmt"/>
        <line num="81" count="1" type="stmt"/>
        <line num="82" count="1" type="stmt"/>
        <line num="83" count="1" type="cond" truecount="1" falsecount="1"/>
        <line num="85" count="1" type="stmt"/>
        <line num="86" count="1" type="stmt"/>
        <line num="90" count="8" type="stmt"/>
        <line num="91" count="2" type="stmt"/>
        <line num="92" count="2" type="stmt"/>
        <line num="93" count="2" type="stmt"/>
        <line num="94" count="4" type="cond" truecount="3" falsecount="1"/>
        <line num="95" count="4" type="stmt"/>
        <line num="96" count="4" type="stmt"/>
        <line num="99" count="2" type="stmt"/>
        <line num="103" count="8" type="stmt"/>
        <line num="104" count="1" type="stmt"/>
        <line num="105" count="1" type="stmt"/>
        <line num="106" count="1" type="cond" truecount="1" falsecount="1"/>
        <line num="107" count="1" type="stmt"/>
        <line num="108" count="1" type="stmt"/>
        <line num="111" count="8" type="stmt"/>
      </file>
      <file name="profileRoutes.js" path="C:\Users\PC\Desktop\4353-Software-Design-Project-\Server\routes\profileRoutes.js">
        <metrics statements="76" coveredstatements="61" conditionals="119" coveredconditionals="77" methods="11" coveredmethods="8"/>
        <line num="2" count="8" type="stmt"/>
        <line num="3" count="8" type="stmt"/>
        <line num="4" count="8" type="stmt"/>
        <line num="7" count="9" type="stmt"/>
        <line num="8" count="8" type="cond" truecount="2" falsecount="0"/>
        <line num="11" count="8" type="stmt"/>
        <line num="12" count="2" type="stmt"/>
        <line num="13" count="2" type="stmt"/>
        <line num="14" count="2" type="cond" truecount="1" falsecount="1"/>
        <line num="16" count="2" type="stmt"/>
        <line num="19" count="2" type="cond" truecount="4" falsecount="0"/>
        <line num="20" count="3" type="stmt"/>
        <line num="21" count="1" type="cond" truecount="2" falsecount="1"/>
        <line num="22" count="1" type="cond" truecount="2" falsecount="1"/>
        <line num="23" count="1" type="cond" truecount="2" falsecount="1"/>
        <line num="27" count="2" type="cond" truecount="1" falsecount="1"/>
        <line num="28" count="2" type="cond" truecount="1" falsecount="1"/>
        <line num="29" count="0" type="stmt"/>
        <line num="30" count="2" type="cond" truecount="1" falsecount="1"/>
        <line num="34" count="0" type="stmt"/>
        <line num="38" count="2" type="stmt"/>
        <line num="42" count="8" type="stmt"/>
        <line num="43" count="6" type="stmt"/>
        <line num="55" count="6" type="cond" truecount="1" falsecount="1"/>
        <line num="57" count="6" type="stmt"/>
        <line num="58" count="6" type="cond" truecount="1" falsecount="1"/>
        <line num="60" count="6" type="stmt"/>
        <line num="62" count="6" type="cond" truecount="3" falsecount="1"/>
        <line num="63" count="0" type="stmt"/>
        <line num="65" count="6" type="cond" truecount="3" falsecount="1"/>
        <line num="66" count="0" type="stmt"/>
        <line num="68" count="6" type="cond" truecount="2" falsecount="2"/>
        <line num="69" count="0" type="stmt"/>
        <line num="71" count="6" type="cond" truecount="3" falsecount="1"/>
        <line num="72" count="0" type="stmt"/>
        <line num="74" count="6" type="cond" truecount="2" falsecount="0"/>
        <line num="78" count="1" type="stmt"/>
        <line num="80" count="6" type="cond" truecount="2" falsecount="0"/>
        <line num="84" count="2" type="stmt"/>
        <line num="86" count="6" type="cond" truecount="1" falsecount="1"/>
        <line num="88" count="0" type="stmt"/>
        <line num="90" count="0" type="stmt"/>
        <line num="92" count="6" type="cond" truecount="1" falsecount="1"/>
        <line num="96" count="0" type="stmt"/>
        <line num="99" count="6" type="stmt"/>
        <line num="100" count="6" type="cond" truecount="2" falsecount="0"/>
        <line num="101" count="2" type="stmt"/>
        <line num="103" count="2" type="cond" truecount="2" falsecount="0"/>
        <line num="104" count="1" type="stmt"/>
        <line num="105" count="1" type="cond" truecount="1" falsecount="1"/>
        <line num="110" count="0" type="stmt"/>
        <line num="112" count="1" type="stmt"/>
        <line num="115" count="2" type="cond" truecount="2" falsecount="0"/>
        <line num="116" count="1" type="stmt"/>
        <line num="117" count="3" type="cond" truecount="2" falsecount="0"/>
        <line num="119" count="1" type="cond" truecount="1" falsecount="1"/>
        <line num="120" count="0" type="stmt"/>
        <line num="122" count="1" type="stmt"/>
        <line num="127" count="6" type="cond" truecount="2" falsecount="0"/>
        <line num="130" count="2" type="cond" truecount="2" falsecount="0"/>
        <line num="132" count="2" type="cond" truecount="2" falsecount="0"/>
        <line num="133" count="2" type="cond" truecount="1" falsecount="1"/>
        <line num="134" count="2" type="cond" truecount="2" falsecount="0"/>
        <line num="135" count="2" type="cond" truecount="2" falsecount="0"/>
        <line num="136" count="2" type="cond" truecount="2" falsecount="0"/>
        <line num="139" count="2" type="cond" truecount="1" falsecount="1"/>
        <line num="147" count="0" type="stmt"/>
        <line num="148" count="0" type="cond" truecount="0" falsecount="3"/>
        <line num="149" count="0" type="cond" truecount="0" falsecount="3"/>
        <line num="150" count="0" type="cond" truecount="0" falsecount="3"/>
        <line num="153" count="2" type="cond" truecount="1" falsecount="1"/>
        <line num="154" count="2" type="cond" truecount="1" falsecount="1"/>
        <line num="155" count="2" type="cond" truecount="2" falsecount="0"/>
        <line num="157" count="2" type="stmt"/>
        <line num="158" count="2" type="stmt"/>
        <line num="161" count="8" type="stmt"/>
      </file>
      <file name="volunteerHistoryRoutes.js" path="C:\Users\PC\Desktop\4353-Software-Design-Project-\Server\routes\volunteerHistoryRoutes.js">
        <metrics statements="10" coveredstatements="10" conditionals="2" coveredconditionals="2" methods="2" coveredmethods="2"/>
        <line num="1" count="8" type="stmt"/>
        <line num="2" count="8" type="stmt"/>
        <line num="3" count="8" type="stmt"/>
        <line num="6" count="8" type="stmt"/>
        <line num="7" count="2" type="stmt"/>
        <line num="8" count="2" type="stmt"/>
        <line num="10" count="2" type="cond" truecount="2" falsecount="0"/>
        <line num="11" count="1" type="stmt"/>
        <line num="14" count="1" type="stmt"/>
        <line num="17" count="8" type="stmt"/>
      </file>
    </package>
  </project>
</coverage>
