{"C:\\Users\\PC\\Desktop\\4353-Software-Design-Project-\\Server\\app.js": {"path":"C:\\Users\\PC\\Desktop\\4353-Software-Design-Project-\\Server\\app.js","statementMap":{"0":{"start":{"line":2,"column":16},"end":{"line":2,"column":34}},"1":{"start":{"line":3,"column":13},"end":{"line":3,"column":28}},"2":{"start":{"line":6,"column":19},"end":{"line":6,"column":49}},"3":{"start":{"line":7,"column":22},"end":{"line":7,"column":55}},"4":{"start":{"line":8,"column":31},"end":{"line":8,"column":73}},"5":{"start":{"line":9,"column":27},"end":{"line":9,"column":58}},"6":{"start":{"line":10,"column":20},"end":{"line":10,"column":51}},"7":{"start":{"line":12,"column":12},"end":{"line":12,"column":21}},"8":{"start":{"line":15,"column":0},"end":{"line":15,"column":16}},"9":{"start":{"line":16,"column":0},"end":{"line":16,"column":24}},"10":{"start":{"line":19,"column":0},"end":{"line":19,"column":55}},"11":{"start":{"line":19,"column":27},"end":{"line":19,"column":53}},"12":{"start":{"line":22,"column":0},"end":{"line":22,"column":29}},"13":{"start":{"line":23,"column":0},"end":{"line":23,"column":35}},"14":{"start":{"line":24,"column":0},"end":{"line":24,"column":44}},"15":{"start":{"line":25,"column":0},"end":{"line":25,"column":46}},"16":{"start":{"line":26,"column":0},"end":{"line":26,"column":32}},"17":{"start":{"line":28,"column":0},"end":{"line":28,"column":21}}},"fnMap":{"0":{"name":"(anonymous_0)","decl":{"start":{"line":19,"column":13},"end":{"line":19,"column":14}},"loc":{"start":{"line":19,"column":27},"end":{"line":19,"column":53}},"line":19}},"branchMap":{},"s":{"0":8,"1":8,"2":8,"3":8,"4":8,"5":8,"6":8,"7":8,"8":8,"9":8,"10":8,"11":0,"12":8,"13":8,"14":8,"15":8,"16":8,"17":8},"f":{"0":0},"b":{},"_coverageSchema":"1a1c01bbd47fc00a2c39e90264f33305004495a9","hash":"686fa3bde6a9503d7c80aa213fb26e3c54c0858d"}
,"C:\\Users\\PC\\Desktop\\4353-Software-Design-Project-\\Server\\data\\mockData.js": {"path":"C:\\Users\\PC\\Desktop\\4353-Software-Design-Project-\\Server\\data\\mockData.js","statementMap":{"0":{"start":{"line":4,"column":18},"end":{"line":96,"column":1}},"1":{"start":{"line":99,"column":14},"end":{"line":99,"column":57}},"2":{"start":{"line":100,"column":27},"end":{"line":100,"column":83}},"3":{"start":{"line":101,"column":22},"end":{"line":101,"column":73}},"4":{"start":{"line":102,"column":15},"end":{"line":102,"column":59}},"5":{"start":{"line":106,"column":2},"end":{"line":106,"column":80}},"6":{"start":{"line":107,"column":2},"end":{"line":107,"column":119}},"7":{"start":{"line":108,"column":2},"end":{"line":108,"column":104}},"8":{"start":{"line":109,"column":2},"end":{"line":109,"column":83}},"9":{"start":{"line":112,"column":0},"end":{"line":112,"column":82}}},"fnMap":{"0":{"name":"__resetAll","decl":{"start":{"line":105,"column":9},"end":{"line":105,"column":19}},"loc":{"start":{"line":105,"column":22},"end":{"line":110,"column":1}},"line":105}},"branchMap":{},"s":{"0":8,"1":8,"2":8,"3":8,"4":8,"5":22,"6":22,"7":22,"8":22,"9":8},"f":{"0":22},"b":{},"_coverageSchema":"1a1c01bbd47fc00a2c39e90264f33305004495a9","hash":"1fd82737953e603077560a283ba8677025fb04da"}
,"C:\\Users\\PC\\Desktop\\4353-Software-Design-Project-\\Server\\routes\\authRoutes.js": {"path":"C:\\Users\\PC\\Desktop\\4353-Software-Design-Project-\\Server\\routes\\authRoutes.js","statementMap":{"0":{"start":{"line":2,"column":16},"end":{"line":2,"column":34}},"1":{"start":{"line":3,"column":15},"end":{"line":3,"column":31}},"2":{"start":{"line":4,"column":15},"end":{"line":4,"column":32}},"3":{"start":{"line":5,"column":12},"end":{"line":5,"column":35}},"4":{"start":{"line":6,"column":0},"end":{"line":6,"column":27}},"5":{"start":{"line":9,"column":19},"end":{"line":9,"column":67}},"6":{"start":{"line":10,"column":24},"end":{"line":10,"column":26}},"7":{"start":{"line":13,"column":0},"end":{"line":17,"column":3}},"8":{"start":{"line":14,"column":61},"end":{"line":14,"column":75}},"9":{"start":{"line":16,"column":2},"end":{"line":16,"column":62}},"10":{"start":{"line":20,"column":0},"end":{"line":45,"column":3}},"11":{"start":{"line":21,"column":33},"end":{"line":21,"column":47}},"12":{"start":{"line":23,"column":2},"end":{"line":44,"column":3}},"13":{"start":{"line":25,"column":22},"end":{"line":25,"column":41}},"14":{"start":{"line":26,"column":4},"end":{"line":28,"column":5}},"15":{"start":{"line":27,"column":6},"end":{"line":27,"column":77}},"16":{"start":{"line":30,"column":18},"end":{"line":38,"column":5}},"17":{"start":{"line":40,"column":4},"end":{"line":40,"column":72}},"18":{"start":{"line":42,"column":4},"end":{"line":42,"column":39}},"19":{"start":{"line":43,"column":4},"end":{"line":43,"column":68}},"20":{"start":{"line":48,"column":0},"end":{"line":54,"column":3}},"21":{"start":{"line":49,"column":21},"end":{"line":49,"column":49}},"22":{"start":{"line":50,"column":16},"end":{"line":50,"column":54}},"23":{"start":{"line":51,"column":2},"end":{"line":51,"column":41}},"24":{"start":{"line":51,"column":14},"end":{"line":51,"column":41}},"25":{"start":{"line":52,"column":2},"end":{"line":52,"column":32}},"26":{"start":{"line":53,"column":2},"end":{"line":53,"column":58}},"27":{"start":{"line":58,"column":21},"end":{"line":58,"column":49}},"28":{"start":{"line":59,"column":16},"end":{"line":59,"column":54}},"29":{"start":{"line":60,"column":2},"end":{"line":60,"column":41}},"30":{"start":{"line":60,"column":14},"end":{"line":60,"column":41}},"31":{"start":{"line":61,"column":2},"end":{"line":61,"column":68}},"32":{"start":{"line":61,"column":41},"end":{"line":61,"column":68}},"33":{"start":{"line":63,"column":2},"end":{"line":67,"column":5}},"34":{"start":{"line":64,"column":4},"end":{"line":64,"column":40}},"35":{"start":{"line":64,"column":13},"end":{"line":64,"column":40}},"36":{"start":{"line":65,"column":4},"end":{"line":65,"column":20}},"37":{"start":{"line":66,"column":4},"end":{"line":66,"column":11}},"38":{"start":{"line":70,"column":0},"end":{"line":70,"column":24}},"39":{"start":{"line":71,"column":0},"end":{"line":71,"column":53}}},"fnMap":{"0":{"name":"(anonymous_0)","decl":{"start":{"line":13,"column":25},"end":{"line":13,"column":26}},"loc":{"start":{"line":13,"column":45},"end":{"line":17,"column":1}},"line":13},"1":{"name":"(anonymous_1)","decl":{"start":{"line":20,"column":22},"end":{"line":20,"column":23}},"loc":{"start":{"line":20,"column":42},"end":{"line":45,"column":1}},"line":20},"2":{"name":"(anonymous_2)","decl":{"start":{"line":48,"column":25},"end":{"line":48,"column":26}},"loc":{"start":{"line":48,"column":39},"end":{"line":54,"column":1}},"line":48},"3":{"name":"authenticateToken","decl":{"start":{"line":57,"column":9},"end":{"line":57,"column":26}},"loc":{"start":{"line":57,"column":43},"end":{"line":68,"column":1}},"line":57},"4":{"name":"(anonymous_4)","decl":{"start":{"line":63,"column":50},"end":{"line":63,"column":51}},"loc":{"start":{"line":63,"column":65},"end":{"line":67,"column":3}},"line":63}},"branchMap":{"0":{"loc":{"start":{"line":9,"column":19},"end":{"line":9,"column":67}},"type":"binary-expr","locations":[{"start":{"line":9,"column":19},"end":{"line":9,"column":41}},{"start":{"line":9,"column":45},"end":{"line":9,"column":67}}],"line":9},"1":{"loc":{"start":{"line":14,"column":61},"end":{"line":14,"column":75}},"type":"binary-expr","locations":[{"start":{"line":14,"column":61},"end":{"line":14,"column":69}},{"start":{"line":14,"column":73},"end":{"line":14,"column":75}}],"line":14},"2":{"loc":{"start":{"line":21,"column":33},"end":{"line":21,"column":47}},"type":"binary-expr","locations":[{"start":{"line":21,"column":33},"end":{"line":21,"column":41}},{"start":{"line":21,"column":45},"end":{"line":21,"column":47}}],"line":21},"3":{"loc":{"start":{"line":26,"column":4},"end":{"line":28,"column":5}},"type":"if","locations":[{"start":{"line":26,"column":4},"end":{"line":28,"column":5}},{"start":{},"end":{}}],"line":26},"4":{"loc":{"start":{"line":50,"column":16},"end":{"line":50,"column":54}},"type":"binary-expr","locations":[{"start":{"line":50,"column":16},"end":{"line":50,"column":26}},{"start":{"line":50,"column":30},"end":{"line":50,"column":54}}],"line":50},"5":{"loc":{"start":{"line":51,"column":2},"end":{"line":51,"column":41}},"type":"if","locations":[{"start":{"line":51,"column":2},"end":{"line":51,"column":41}},{"start":{},"end":{}}],"line":51},"6":{"loc":{"start":{"line":59,"column":16},"end":{"line":59,"column":54}},"type":"binary-expr","locations":[{"start":{"line":59,"column":16},"end":{"line":59,"column":26}},{"start":{"line":59,"column":30},"end":{"line":59,"column":54}}],"line":59},"7":{"loc":{"start":{"line":60,"column":2},"end":{"line":60,"column":41}},"type":"if","locations":[{"start":{"line":60,"column":2},"end":{"line":60,"column":41}},{"start":{},"end":{}}],"line":60},"8":{"loc":{"start":{"line":61,"column":2},"end":{"line":61,"column":68}},"type":"if","locations":[{"start":{"line":61,"column":2},"end":{"line":61,"column":68}},{"start":{},"end":{}}],"line":61},"9":{"loc":{"start":{"line":63,"column":13},"end":{"line":63,"column":36}},"type":"cond-expr","locations":[{"start":{"line":63,"column":26},"end":{"line":63,"column":31}},{"start":{"line":63,"column":34},"end":{"line":63,"column":36}}],"line":63},"10":{"loc":{"start":{"line":64,"column":4},"end":{"line":64,"column":40}},"type":"if","locations":[{"start":{"line":64,"column":4},"end":{"line":64,"column":40}},{"start":{},"end":{}}],"line":64}},"s":{"0":8,"1":8,"2":8,"3":8,"4":8,"5":8,"6":8,"7":8,"8":0,"9":0,"10":8,"11":4,"12":4,"13":4,"14":4,"15":2,"16":2,"17":2,"18":0,"19":0,"20":8,"21":2,"22":2,"23":2,"24":1,"25":1,"26":1,"27":0,"28":0,"29":0,"30":0,"31":0,"32":0,"33":0,"34":0,"35":0,"36":0,"37":0,"38":8,"39":8},"f":{"0":0,"1":4,"2":2,"3":0,"4":0},"b":{"0":[8,8],"1":[0,0],"2":[4,0],"3":[2,2],"4":[2,1],"5":[1,1],"6":[0,0],"7":[0,0],"8":[0,0],"9":[0,0],"10":[0,0]},"_coverageSchema":"1a1c01bbd47fc00a2c39e90264f33305004495a9","hash":"bd9a1a04cda08e51d1870f248b1de940992b580d"}
,"C:\\Users\\PC\\Desktop\\4353-Software-Design-Project-\\Server\\routes\\eventRoutes.js": {"path":"C:\\Users\\PC\\Desktop\\4353-Software-Design-Project-\\Server\\routes\\eventRoutes.js","statementMap":{"0":{"start":{"line":2,"column":16},"end":{"line":2,"column":34}},"1":{"start":{"line":3,"column":15},"end":{"line":3,"column":31}},"2":{"start":{"line":4,"column":19},"end":{"line":4,"column":46}},"3":{"start":{"line":7,"column":0},"end":{"line":9,"column":3}},"4":{"start":{"line":8,"column":2},"end":{"line":8,"column":42}},"5":{"start":{"line":12,"column":0},"end":{"line":19,"column":3}},"6":{"start":{"line":13,"column":13},"end":{"line":13,"column":34}},"7":{"start":{"line":14,"column":16},"end":{"line":14,"column":55}},"8":{"start":{"line":14,"column":35},"end":{"line":14,"column":54}},"9":{"start":{"line":15,"column":2},"end":{"line":17,"column":3}},"10":{"start":{"line":16,"column":4},"end":{"line":16,"column":64}},"11":{"start":{"line":18,"column":2},"end":{"line":18,"column":41}},"12":{"start":{"line":21,"column":0},"end":{"line":21,"column":24}}},"fnMap":{"0":{"name":"(anonymous_0)","decl":{"start":{"line":7,"column":16},"end":{"line":7,"column":17}},"loc":{"start":{"line":7,"column":30},"end":{"line":9,"column":1}},"line":7},"1":{"name":"(anonymous_1)","decl":{"start":{"line":12,"column":19},"end":{"line":12,"column":20}},"loc":{"start":{"line":12,"column":33},"end":{"line":19,"column":1}},"line":12},"2":{"name":"(anonymous_2)","decl":{"start":{"line":14,"column":28},"end":{"line":14,"column":29}},"loc":{"start":{"line":14,"column":35},"end":{"line":14,"column":54}},"line":14}},"branchMap":{"0":{"loc":{"start":{"line":15,"column":2},"end":{"line":17,"column":3}},"type":"if","locations":[{"start":{"line":15,"column":2},"end":{"line":17,"column":3}},{"start":{},"end":{}}],"line":15}},"s":{"0":8,"1":8,"2":8,"3":8,"4":1,"5":8,"6":2,"7":2,"8":3,"9":2,"10":1,"11":1,"12":8},"f":{"0":1,"1":2,"2":3},"b":{"0":[1,1]},"_coverageSchema":"1a1c01bbd47fc00a2c39e90264f33305004495a9","hash":"95623d3a2c1cd7b0631e58ae3cf31aea665276e5"}
,"C:\\Users\\PC\\Desktop\\4353-Software-Design-Project-\\Server\\routes\\inboxRoutes.js": {"path":"C:\\Users\\PC\\Desktop\\4353-Software-Design-Project-\\Server\\routes\\inboxRoutes.js","statementMap":{"0":{"start":{"line":1,"column":16},"end":{"line":1,"column":34}},"1":{"start":{"line":2,"column":15},"end":{"line":2,"column":31}},"2":{"start":{"line":3,"column":26},"end":{"line":3,"column":53}},"3":{"start":{"line":6,"column":25},"end":{"line":6,"column":76}},"4":{"start":{"line":6,"column":32},"end":{"line":6,"column":76}},"5":{"start":{"line":9,"column":0},"end":{"line":19,"column":3}},"6":{"start":{"line":10,"column":21},"end":{"line":10,"column":31}},"7":{"start":{"line":11,"column":21},"end":{"line":11,"column":85}},"8":{"start":{"line":13,"column":13},"end":{"line":13,"column":59}},"9":{"start":{"line":13,"column":39},"end":{"line":13,"column":58}},"10":{"start":{"line":14,"column":2},"end":{"line":14,"column":51}},"11":{"start":{"line":14,"column":18},"end":{"line":14,"column":51}},"12":{"start":{"line":14,"column":42},"end":{"line":14,"column":49}},"13":{"start":{"line":17,"column":2},"end":{"line":17,"column":69}},"14":{"start":{"line":17,"column":22},"end":{"line":17,"column":67}},"15":{"start":{"line":18,"column":2},"end":{"line":18,"column":48}},"16":{"start":{"line":22,"column":0},"end":{"line":77,"column":3}},"17":{"start":{"line":23,"column":49},"end":{"line":23,"column":63}},"18":{"start":{"line":24,"column":17},"end":{"line":24,"column":19}},"19":{"start":{"line":26,"column":2},"end":{"line":26,"column":67}},"20":{"start":{"line":26,"column":33},"end":{"line":26,"column":67}},"21":{"start":{"line":27,"column":2},"end":{"line":27,"column":63}},"22":{"start":{"line":27,"column":31},"end":{"line":27,"column":63}},"23":{"start":{"line":28,"column":2},"end":{"line":28,"column":65}},"24":{"start":{"line":28,"column":32},"end":{"line":28,"column":65}},"25":{"start":{"line":29,"column":2},"end":{"line":29,"column":69}},"26":{"start":{"line":29,"column":34},"end":{"line":29,"column":69}},"27":{"start":{"line":32,"column":2},"end":{"line":36,"column":3}},"28":{"start":{"line":33,"column":4},"end":{"line":35,"column":5}},"29":{"start":{"line":34,"column":6},"end":{"line":34,"column":75}},"30":{"start":{"line":38,"column":2},"end":{"line":38,"column":61}},"31":{"start":{"line":38,"column":21},"end":{"line":38,"column":61}},"32":{"start":{"line":41,"column":2},"end":{"line":59,"column":3}},"33":{"start":{"line":42,"column":21},"end":{"line":48,"column":5}},"34":{"start":{"line":44,"column":8},"end":{"line":47,"column":39}},"35":{"start":{"line":50,"column":4},"end":{"line":58,"column":5}},"36":{"start":{"line":52,"column":6},"end":{"line":57,"column":11}},"37":{"start":{"line":61,"column":13},"end":{"line":61,"column":57}},"38":{"start":{"line":62,"column":20},"end":{"line":62,"column":44}},"39":{"start":{"line":64,"column":16},"end":{"line":73,"column":3}},"40":{"start":{"line":74,"column":2},"end":{"line":74,"column":28}},"41":{"start":{"line":76,"column":2},"end":{"line":76,"column":55}},"42":{"start":{"line":80,"column":0},"end":{"line":87,"column":3}},"43":{"start":{"line":81,"column":17},"end":{"line":81,"column":27}},"44":{"start":{"line":82,"column":14},"end":{"line":82,"column":55}},"45":{"start":{"line":82,"column":43},"end":{"line":82,"column":54}},"46":{"start":{"line":83,"column":2},"end":{"line":83,"column":85}},"47":{"start":{"line":83,"column":18},"end":{"line":83,"column":85}},"48":{"start":{"line":85,"column":2},"end":{"line":85,"column":33}},"49":{"start":{"line":86,"column":2},"end":{"line":86,"column":68}},"50":{"start":{"line":90,"column":0},"end":{"line":100,"column":3}},"51":{"start":{"line":91,"column":21},"end":{"line":91,"column":31}},"52":{"start":{"line":92,"column":14},"end":{"line":92,"column":15}},"53":{"start":{"line":93,"column":2},"end":{"line":98,"column":5}},"54":{"start":{"line":94,"column":4},"end":{"line":97,"column":5}},"55":{"start":{"line":95,"column":6},"end":{"line":95,"column":20}},"56":{"start":{"line":96,"column":6},"end":{"line":96,"column":14}},"57":{"start":{"line":99,"column":2},"end":{"line":99,"column":70}},"58":{"start":{"line":103,"column":0},"end":{"line":109,"column":3}},"59":{"start":{"line":104,"column":17},"end":{"line":104,"column":27}},"60":{"start":{"line":105,"column":14},"end":{"line":105,"column":55}},"61":{"start":{"line":105,"column":43},"end":{"line":105,"column":54}},"62":{"start":{"line":106,"column":2},"end":{"line":106,"column":85}},"63":{"start":{"line":106,"column":18},"end":{"line":106,"column":85}},"64":{"start":{"line":107,"column":18},"end":{"line":107,"column":49}},"65":{"start":{"line":108,"column":2},"end":{"line":108,"column":57}},"66":{"start":{"line":111,"column":0},"end":{"line":111,"column":24}}},"fnMap":{"0":{"name":"(anonymous_0)","decl":{"start":{"line":6,"column":25},"end":{"line":6,"column":26}},"loc":{"start":{"line":6,"column":32},"end":{"line":6,"column":76}},"line":6},"1":{"name":"(anonymous_1)","decl":{"start":{"line":9,"column":23},"end":{"line":9,"column":24}},"loc":{"start":{"line":9,"column":37},"end":{"line":19,"column":1}},"line":9},"2":{"name":"(anonymous_2)","decl":{"start":{"line":13,"column":34},"end":{"line":13,"column":35}},"loc":{"start":{"line":13,"column":39},"end":{"line":13,"column":58}},"line":13},"3":{"name":"(anonymous_3)","decl":{"start":{"line":14,"column":37},"end":{"line":14,"column":38}},"loc":{"start":{"line":14,"column":42},"end":{"line":14,"column":49}},"line":14},"4":{"name":"(anonymous_4)","decl":{"start":{"line":17,"column":12},"end":{"line":17,"column":13}},"loc":{"start":{"line":17,"column":22},"end":{"line":17,"column":67}},"line":17},"5":{"name":"(anonymous_5)","decl":{"start":{"line":22,"column":17},"end":{"line":22,"column":18}},"loc":{"start":{"line":22,"column":31},"end":{"line":77,"column":1}},"line":22},"6":{"name":"(anonymous_6)","decl":{"start":{"line":43,"column":6},"end":{"line":43,"column":7}},"loc":{"start":{"line":44,"column":8},"end":{"line":47,"column":39}},"line":44},"7":{"name":"(anonymous_7)","decl":{"start":{"line":80,"column":26},"end":{"line":80,"column":27}},"loc":{"start":{"line":80,"column":40},"end":{"line":87,"column":1}},"line":80},"8":{"name":"(anonymous_8)","decl":{"start":{"line":82,"column":38},"end":{"line":82,"column":39}},"loc":{"start":{"line":82,"column":43},"end":{"line":82,"column":54}},"line":82},"9":{"name":"(anonymous_9)","decl":{"start":{"line":90,"column":34},"end":{"line":90,"column":35}},"loc":{"start":{"line":90,"column":48},"end":{"line":100,"column":1}},"line":90},"10":{"name":"(anonymous_10)","decl":{"start":{"line":93,"column":24},"end":{"line":93,"column":25}},"loc":{"start":{"line":93,"column":29},"end":{"line":98,"column":3}},"line":93},"11":{"name":"(anonymous_11)","decl":{"start":{"line":103,"column":22},"end":{"line":103,"column":23}},"loc":{"start":{"line":103,"column":36},"end":{"line":109,"column":1}},"line":103},"12":{"name":"(anonymous_12)","decl":{"start":{"line":105,"column":38},"end":{"line":105,"column":39}},"loc":{"start":{"line":105,"column":43},"end":{"line":105,"column":54}},"line":105}},"branchMap":{"0":{"loc":{"start":{"line":6,"column":32},"end":{"line":6,"column":76}},"type":"binary-expr","locations":[{"start":{"line":6,"column":32},"end":{"line":6,"column":53}},{"start":{"line":6,"column":57},"end":{"line":6,"column":76}}],"line":6},"1":{"loc":{"start":{"line":11,"column":28},"end":{"line":11,"column":59}},"type":"binary-expr","locations":[{"start":{"line":11,"column":28},"end":{"line":11,"column":48}},{"start":{"line":11,"column":52},"end":{"line":11,"column":59}}],"line":11},"2":{"loc":{"start":{"line":14,"column":2},"end":{"line":14,"column":51}},"type":"if","locations":[{"start":{"line":14,"column":2},"end":{"line":14,"column":51}},{"start":{},"end":{}}],"line":14},"3":{"loc":{"start":{"line":23,"column":49},"end":{"line":23,"column":63}},"type":"binary-expr","locations":[{"start":{"line":23,"column":49},"end":{"line":23,"column":57}},{"start":{"line":23,"column":61},"end":{"line":23,"column":63}}],"line":23},"4":{"loc":{"start":{"line":26,"column":2},"end":{"line":26,"column":67}},"type":"if","locations":[{"start":{"line":26,"column":2},"end":{"line":26,"column":67}},{"start":{},"end":{}}],"line":26},"5":{"loc":{"start":{"line":27,"column":2},"end":{"line":27,"column":63}},"type":"if","locations":[{"start":{"line":27,"column":2},"end":{"line":27,"column":63}},{"start":{},"end":{}}],"line":27},"6":{"loc":{"start":{"line":28,"column":2},"end":{"line":28,"column":65}},"type":"if","locations":[{"start":{"line":28,"column":2},"end":{"line":28,"column":65}},{"start":{},"end":{}}],"line":28},"7":{"loc":{"start":{"line":29,"column":2},"end":{"line":29,"column":69}},"type":"if","locations":[{"start":{"line":29,"column":2},"end":{"line":29,"column":69}},{"start":{},"end":{}}],"line":29},"8":{"loc":{"start":{"line":32,"column":2},"end":{"line":36,"column":3}},"type":"if","locations":[{"start":{"line":32,"column":2},"end":{"line":36,"column":3}},{"start":{},"end":{}}],"line":32},"9":{"loc":{"start":{"line":33,"column":4},"end":{"line":35,"column":5}},"type":"if","locations":[{"start":{"line":33,"column":4},"end":{"line":35,"column":5}},{"start":{},"end":{}}],"line":33},"10":{"loc":{"start":{"line":33,"column":8},"end":{"line":33,"column":48}},"type":"binary-expr","locations":[{"start":{"line":33,"column":8},"end":{"line":33,"column":13}},{"start":{"line":33,"column":17},"end":{"line":33,"column":48}}],"line":33},"11":{"loc":{"start":{"line":38,"column":2},"end":{"line":38,"column":61}},"type":"if","locations":[{"start":{"line":38,"column":2},"end":{"line":38,"column":61}},{"start":{},"end":{}}],"line":38},"12":{"loc":{"start":{"line":41,"column":2},"end":{"line":59,"column":3}},"type":"if","locations":[{"start":{"line":41,"column":2},"end":{"line":59,"column":3}},{"start":{},"end":{}}],"line":41},"13":{"loc":{"start":{"line":41,"column":6},"end":{"line":41,"column":44}},"type":"binary-expr","locations":[{"start":{"line":41,"column":6},"end":{"line":41,"column":27}},{"start":{"line":41,"column":31},"end":{"line":41,"column":44}}],"line":41},"14":{"loc":{"start":{"line":44,"column":8},"end":{"line":47,"column":39}},"type":"binary-expr","locations":[{"start":{"line":44,"column":8},"end":{"line":44,"column":27}},{"start":{"line":45,"column":8},"end":{"line":45,"column":31}},{"start":{"line":46,"column":8},"end":{"line":46,"column":14}},{"start":{"line":47,"column":8},"end":{"line":47,"column":39}}],"line":44},"15":{"loc":{"start":{"line":50,"column":4},"end":{"line":58,"column":5}},"type":"if","locations":[{"start":{"line":50,"column":4},"end":{"line":58,"column":5}},{"start":{},"end":{}}],"line":50},"16":{"loc":{"start":{"line":72,"column":10},"end":{"line":72,"column":20}},"type":"binary-expr","locations":[{"start":{"line":72,"column":10},"end":{"line":72,"column":14}},{"start":{"line":72,"column":18},"end":{"line":72,"column":20}}],"line":72},"17":{"loc":{"start":{"line":83,"column":2},"end":{"line":83,"column":85}},"type":"if","locations":[{"start":{"line":83,"column":2},"end":{"line":83,"column":85}},{"start":{},"end":{}}],"line":83},"18":{"loc":{"start":{"line":94,"column":4},"end":{"line":97,"column":5}},"type":"if","locations":[{"start":{"line":94,"column":4},"end":{"line":97,"column":5}},{"start":{},"end":{}}],"line":94},"19":{"loc":{"start":{"line":94,"column":8},"end":{"line":94,"column":38}},"type":"binary-expr","locations":[{"start":{"line":94,"column":8},"end":{"line":94,"column":27}},{"start":{"line":94,"column":31},"end":{"line":94,"column":38}}],"line":94},"20":{"loc":{"start":{"line":106,"column":2},"end":{"line":106,"column":85}},"type":"if","locations":[{"start":{"line":106,"column":2},"end":{"line":106,"column":85}},{"start":{},"end":{}}],"line":106}},"s":{"0":8,"1":8,"2":8,"3":8,"4":23,"5":8,"6":3,"7":3,"8":3,"9":6,"10":3,"11":3,"12":6,"13":3,"14":2,"15":3,"16":8,"17":5,"18":5,"19":5,"20":1,"21":5,"22":1,"23":5,"24":1,"25":5,"26":1,"27":5,"28":3,"29":1,"30":5,"31":2,"32":3,"33":2,"34":5,"35":2,"36":1,"37":2,"38":2,"39":2,"40":2,"41":2,"42":8,"43":1,"44":1,"45":1,"46":1,"47":0,"48":1,"49":1,"50":8,"51":2,"52":2,"53":2,"54":4,"55":4,"56":4,"57":2,"58":8,"59":1,"60":1,"61":1,"62":1,"63":0,"64":1,"65":1,"66":8},"f":{"0":23,"1":3,"2":6,"3":6,"4":2,"5":5,"6":5,"7":1,"8":1,"9":2,"10":4,"11":1,"12":1},"b":{"0":[23,18],"1":[3,0],"2":[3,0],"3":[5,0],"4":[1,4],"5":[1,4],"6":[1,4],"7":[1,4],"8":[3,2],"9":[1,2],"10":[3,3],"11":[2,3],"12":[2,1],"13":[3,2],"14":[5,5,3,3],"15":[1,1],"16":[2,1],"17":[0,1],"18":[4,0],"19":[4,4],"20":[0,1]},"_coverageSchema":"1a1c01bbd47fc00a2c39e90264f33305004495a9","hash":"ba29805245a2ed5a438a7ccfc0c7928438e16ef0"}
,"C:\\Users\\PC\\Desktop\\4353-Software-Design-Project-\\Server\\routes\\profileRoutes.js": {"path":"C:\\Users\\PC\\Desktop\\4353-Software-Design-Project-\\Server\\routes\\profileRoutes.js","statementMap":{"0":{"start":{"line":2,"column":16},"end":{"line":2,"column":34}},"1":{"start":{"line":3,"column":15},"end":{"line":3,"column":31}},"2":{"start":{"line":4,"column":18},"end":{"line":4,"column":45}},"3":{"start":{"line":7,"column":17},"end":{"line":7,"column":45}},"4":{"start":{"line":7,"column":24},"end":{"line":7,"column":45}},"5":{"start":{"line":8,"column":23},"end":{"line":8,"column":64}},"6":{"start":{"line":8,"column":30},"end":{"line":8,"column":64}},"7":{"start":{"line":11,"column":0},"end":{"line":39,"column":3}},"8":{"start":{"line":12,"column":21},"end":{"line":12,"column":31}},"9":{"start":{"line":13,"column":15},"end":{"line":13,"column":65}},"10":{"start":{"line":13,"column":33},"end":{"line":13,"column":64}},"11":{"start":{"line":14,"column":2},"end":{"line":14,"column":72}},"12":{"start":{"line":14,"column":13},"end":{"line":14,"column":72}},"13":{"start":{"line":16,"column":36},"end":{"line":16,"column":40}},"14":{"start":{"line":19,"column":2},"end":{"line":24,"column":3}},"15":{"start":{"line":20,"column":18},"end":{"line":20,"column":67}},"16":{"start":{"line":20,"column":58},"end":{"line":20,"column":66}},"17":{"start":{"line":21,"column":4},"end":{"line":21,"column":52}},"18":{"start":{"line":22,"column":4},"end":{"line":22,"column":54}},"19":{"start":{"line":23,"column":4},"end":{"line":23,"column":50}},"20":{"start":{"line":27,"column":2},"end":{"line":36,"column":3}},"21":{"start":{"line":28,"column":4},"end":{"line":35,"column":5}},"22":{"start":{"line":29,"column":6},"end":{"line":29,"column":84}},"23":{"start":{"line":30,"column":11},"end":{"line":35,"column":5}},"24":{"start":{"line":34,"column":6},"end":{"line":34,"column":84}},"25":{"start":{"line":38,"column":2},"end":{"line":38,"column":50}},"26":{"start":{"line":42,"column":0},"end":{"line":159,"column":3}},"27":{"start":{"line":43,"column":17},"end":{"line":43,"column":49}},"28":{"start":{"line":55,"column":6},"end":{"line":55,"column":20}},"29":{"start":{"line":57,"column":15},"end":{"line":57,"column":64}},"30":{"start":{"line":57,"column":33},"end":{"line":57,"column":63}},"31":{"start":{"line":58,"column":2},"end":{"line":58,"column":72}},"32":{"start":{"line":58,"column":13},"end":{"line":58,"column":72}},"33":{"start":{"line":60,"column":17},"end":{"line":60,"column":19}},"34":{"start":{"line":62,"column":2},"end":{"line":63,"column":51}},"35":{"start":{"line":63,"column":4},"end":{"line":63,"column":51}},"36":{"start":{"line":65,"column":2},"end":{"line":66,"column":45}},"37":{"start":{"line":66,"column":4},"end":{"line":66,"column":45}},"38":{"start":{"line":68,"column":2},"end":{"line":69,"column":45}},"39":{"start":{"line":69,"column":4},"end":{"line":69,"column":45}},"40":{"start":{"line":71,"column":2},"end":{"line":72,"column":51}},"41":{"start":{"line":72,"column":4},"end":{"line":72,"column":51}},"42":{"start":{"line":74,"column":2},"end":{"line":78,"column":51}},"43":{"start":{"line":78,"column":4},"end":{"line":78,"column":51}},"44":{"start":{"line":80,"column":2},"end":{"line":84,"column":45}},"45":{"start":{"line":84,"column":4},"end":{"line":84,"column":45}},"46":{"start":{"line":86,"column":2},"end":{"line":90,"column":54}},"47":{"start":{"line":88,"column":50},"end":{"line":88,"column":71}},"48":{"start":{"line":90,"column":4},"end":{"line":90,"column":54}},"49":{"start":{"line":92,"column":2},"end":{"line":96,"column":49}},"50":{"start":{"line":96,"column":4},"end":{"line":96,"column":49}},"51":{"start":{"line":99,"column":31},"end":{"line":99,"column":40}},"52":{"start":{"line":100,"column":2},"end":{"line":125,"column":3}},"53":{"start":{"line":101,"column":16},"end":{"line":101,"column":18}},"54":{"start":{"line":103,"column":4},"end":{"line":113,"column":5}},"55":{"start":{"line":104,"column":6},"end":{"line":104,"column":27}},"56":{"start":{"line":105,"column":11},"end":{"line":113,"column":5}},"57":{"start":{"line":110,"column":6},"end":{"line":110,"column":33}},"58":{"start":{"line":112,"column":6},"end":{"line":112,"column":95}},"59":{"start":{"line":115,"column":4},"end":{"line":124,"column":5}},"60":{"start":{"line":116,"column":18},"end":{"line":118,"column":7}},"61":{"start":{"line":117,"column":15},"end":{"line":117,"column":70}},"62":{"start":{"line":119,"column":6},"end":{"line":123,"column":7}},"63":{"start":{"line":120,"column":8},"end":{"line":120,"column":84}},"64":{"start":{"line":122,"column":8},"end":{"line":122,"column":78}},"65":{"start":{"line":127,"column":2},"end":{"line":127,"column":61}},"66":{"start":{"line":127,"column":21},"end":{"line":127,"column":61}},"67":{"start":{"line":130,"column":2},"end":{"line":130,"column":50}},"68":{"start":{"line":130,"column":26},"end":{"line":130,"column":50}},"69":{"start":{"line":132,"column":2},"end":{"line":132,"column":62}},"70":{"start":{"line":132,"column":30},"end":{"line":132,"column":62}},"71":{"start":{"line":133,"column":2},"end":{"line":133,"column":62}},"72":{"start":{"line":133,"column":30},"end":{"line":133,"column":62}},"73":{"start":{"line":134,"column":2},"end":{"line":134,"column":50}},"74":{"start":{"line":134,"column":26},"end":{"line":134,"column":50}},"75":{"start":{"line":135,"column":2},"end":{"line":135,"column":53}},"76":{"start":{"line":135,"column":27},"end":{"line":135,"column":53}},"77":{"start":{"line":136,"column":2},"end":{"line":136,"column":47}},"78":{"start":{"line":136,"column":25},"end":{"line":136,"column":47}},"79":{"start":{"line":139,"column":2},"end":{"line":151,"column":3}},"80":{"start":{"line":147,"column":18},"end":{"line":147,"column":58}},"81":{"start":{"line":147,"column":49},"end":{"line":147,"column":57}},"82":{"start":{"line":148,"column":4},"end":{"line":148,"column":44}},"83":{"start":{"line":149,"column":4},"end":{"line":149,"column":46}},"84":{"start":{"line":150,"column":4},"end":{"line":150,"column":42}},"85":{"start":{"line":153,"column":2},"end":{"line":153,"column":70}},"86":{"start":{"line":153,"column":28},"end":{"line":153,"column":70}},"87":{"start":{"line":153,"column":60},"end":{"line":153,"column":68}},"88":{"start":{"line":154,"column":2},"end":{"line":154,"column":64}},"89":{"start":{"line":154,"column":33},"end":{"line":154,"column":64}},"90":{"start":{"line":155,"column":2},"end":{"line":155,"column":87}},"91":{"start":{"line":155,"column":44},"end":{"line":155,"column":87}},"92":{"start":{"line":157,"column":36},"end":{"line":157,"column":40}},"93":{"start":{"line":158,"column":2},"end":{"line":158,"column":78}},"94":{"start":{"line":161,"column":0},"end":{"line":161,"column":24}}},"fnMap":{"0":{"name":"(anonymous_0)","decl":{"start":{"line":7,"column":17},"end":{"line":7,"column":18}},"loc":{"start":{"line":7,"column":24},"end":{"line":7,"column":45}},"line":7},"1":{"name":"(anonymous_1)","decl":{"start":{"line":8,"column":23},"end":{"line":8,"column":24}},"loc":{"start":{"line":8,"column":30},"end":{"line":8,"column":64}},"line":8},"2":{"name":"(anonymous_2)","decl":{"start":{"line":11,"column":23},"end":{"line":11,"column":24}},"loc":{"start":{"line":11,"column":37},"end":{"line":39,"column":1}},"line":11},"3":{"name":"(anonymous_3)","decl":{"start":{"line":13,"column":26},"end":{"line":13,"column":27}},"loc":{"start":{"line":13,"column":33},"end":{"line":13,"column":64}},"line":13},"4":{"name":"(anonymous_4)","decl":{"start":{"line":20,"column":51},"end":{"line":20,"column":52}},"loc":{"start":{"line":20,"column":58},"end":{"line":20,"column":66}},"line":20},"5":{"name":"(anonymous_5)","decl":{"start":{"line":42,"column":23},"end":{"line":42,"column":24}},"loc":{"start":{"line":42,"column":37},"end":{"line":159,"column":1}},"line":42},"6":{"name":"(anonymous_6)","decl":{"start":{"line":57,"column":26},"end":{"line":57,"column":27}},"loc":{"start":{"line":57,"column":33},"end":{"line":57,"column":63}},"line":57},"7":{"name":"(anonymous_7)","decl":{"start":{"line":88,"column":43},"end":{"line":88,"column":44}},"loc":{"start":{"line":88,"column":50},"end":{"line":88,"column":71}},"line":88},"8":{"name":"(anonymous_8)","decl":{"start":{"line":117,"column":8},"end":{"line":117,"column":9}},"loc":{"start":{"line":117,"column":15},"end":{"line":117,"column":70}},"line":117},"9":{"name":"(anonymous_9)","decl":{"start":{"line":147,"column":42},"end":{"line":147,"column":43}},"loc":{"start":{"line":147,"column":49},"end":{"line":147,"column":57}},"line":147},"10":{"name":"(anonymous_10)","decl":{"start":{"line":153,"column":53},"end":{"line":153,"column":54}},"loc":{"start":{"line":153,"column":60},"end":{"line":153,"column":68}},"line":153}},"branchMap":{"0":{"loc":{"start":{"line":8,"column":30},"end":{"line":8,"column":64}},"type":"binary-expr","locations":[{"start":{"line":8,"column":30},"end":{"line":8,"column":41}},{"start":{"line":8,"column":45},"end":{"line":8,"column":64}}],"line":8},"1":{"loc":{"start":{"line":14,"column":2},"end":{"line":14,"column":72}},"type":"if","locations":[{"start":{"line":14,"column":2},"end":{"line":14,"column":72}},{"start":{},"end":{}}],"line":14},"2":{"loc":{"start":{"line":19,"column":2},"end":{"line":24,"column":3}},"type":"if","locations":[{"start":{"line":19,"column":2},"end":{"line":24,"column":3}},{"start":{},"end":{}}],"line":19},"3":{"loc":{"start":{"line":19,"column":6},"end":{"line":19,"column":51}},"type":"binary-expr","locations":[{"start":{"line":19,"column":6},"end":{"line":19,"column":20}},{"start":{"line":19,"column":24},"end":{"line":19,"column":51}}],"line":19},"4":{"loc":{"start":{"line":21,"column":20},"end":{"line":21,"column":51}},"type":"binary-expr","locations":[{"start":{"line":21,"column":20},"end":{"line":21,"column":33}},{"start":{"line":21,"column":37},"end":{"line":21,"column":45}},{"start":{"line":21,"column":49},"end":{"line":21,"column":51}}],"line":21},"5":{"loc":{"start":{"line":22,"column":21},"end":{"line":22,"column":53}},"type":"binary-expr","locations":[{"start":{"line":22,"column":21},"end":{"line":22,"column":35}},{"start":{"line":22,"column":39},"end":{"line":22,"column":47}},{"start":{"line":22,"column":51},"end":{"line":22,"column":53}}],"line":22},"6":{"loc":{"start":{"line":23,"column":19},"end":{"line":23,"column":49}},"type":"binary-expr","locations":[{"start":{"line":23,"column":19},"end":{"line":23,"column":31}},{"start":{"line":23,"column":35},"end":{"line":23,"column":43}},{"start":{"line":23,"column":47},"end":{"line":23,"column":49}}],"line":23},"7":{"loc":{"start":{"line":27,"column":2},"end":{"line":36,"column":3}},"type":"if","locations":[{"start":{"line":27,"column":2},"end":{"line":36,"column":3}},{"start":{},"end":{}}],"line":27},"8":{"loc":{"start":{"line":28,"column":4},"end":{"line":35,"column":5}},"type":"if","locations":[{"start":{"line":28,"column":4},"end":{"line":35,"column":5}},{"start":{"line":30,"column":11},"end":{"line":35,"column":5}}],"line":28},"9":{"loc":{"start":{"line":30,"column":11},"end":{"line":35,"column":5}},"type":"if","locations":[{"start":{"line":30,"column":11},"end":{"line":35,"column":5}},{"start":{},"end":{}}],"line":30},"10":{"loc":{"start":{"line":31,"column":6},"end":{"line":32,"column":42}},"type":"binary-expr","locations":[{"start":{"line":31,"column":6},"end":{"line":31,"column":49}},{"start":{"line":32,"column":6},"end":{"line":32,"column":42}}],"line":31},"11":{"loc":{"start":{"line":55,"column":6},"end":{"line":55,"column":20}},"type":"binary-expr","locations":[{"start":{"line":55,"column":6},"end":{"line":55,"column":14}},{"start":{"line":55,"column":18},"end":{"line":55,"column":20}}],"line":55},"12":{"loc":{"start":{"line":58,"column":2},"end":{"line":58,"column":72}},"type":"if","locations":[{"start":{"line":58,"column":2},"end":{"line":58,"column":72}},{"start":{},"end":{}}],"line":58},"13":{"loc":{"start":{"line":62,"column":2},"end":{"line":63,"column":51}},"type":"if","locations":[{"start":{"line":62,"column":2},"end":{"line":63,"column":51}},{"start":{},"end":{}}],"line":62},"14":{"loc":{"start":{"line":62,"column":6},"end":{"line":62,"column":49}},"type":"binary-expr","locations":[{"start":{"line":62,"column":6},"end":{"line":62,"column":24}},{"start":{"line":62,"column":28},"end":{"line":62,"column":49}}],"line":62},"15":{"loc":{"start":{"line":65,"column":2},"end":{"line":66,"column":45}},"type":"if","locations":[{"start":{"line":65,"column":2},"end":{"line":66,"column":45}},{"start":{},"end":{}}],"line":65},"16":{"loc":{"start":{"line":65,"column":6},"end":{"line":65,"column":51}},"type":"binary-expr","locations":[{"start":{"line":65,"column":6},"end":{"line":65,"column":28}},{"start":{"line":65,"column":32},"end":{"line":65,"column":51}}],"line":65},"17":{"loc":{"start":{"line":68,"column":2},"end":{"line":69,"column":45}},"type":"if","locations":[{"start":{"line":68,"column":2},"end":{"line":69,"column":45}},{"start":{},"end":{}}],"line":68},"18":{"loc":{"start":{"line":68,"column":6},"end":{"line":68,"column":51}},"type":"binary-expr","locations":[{"start":{"line":68,"column":6},"end":{"line":68,"column":28}},{"start":{"line":68,"column":32},"end":{"line":68,"column":51}}],"line":68},"19":{"loc":{"start":{"line":71,"column":2},"end":{"line":72,"column":51}},"type":"if","locations":[{"start":{"line":71,"column":2},"end":{"line":72,"column":51}},{"start":{},"end":{}}],"line":71},"20":{"loc":{"start":{"line":71,"column":6},"end":{"line":71,"column":49}},"type":"binary-expr","locations":[{"start":{"line":71,"column":6},"end":{"line":71,"column":24}},{"start":{"line":71,"column":28},"end":{"line":71,"column":49}}],"line":71},"21":{"loc":{"start":{"line":74,"column":2},"end":{"line":78,"column":51}},"type":"if","locations":[{"start":{"line":74,"column":2},"end":{"line":78,"column":51}},{"start":{},"end":{}}],"line":74},"22":{"loc":{"start":{"line":75,"column":4},"end":{"line":76,"column":76}},"type":"binary-expr","locations":[{"start":{"line":75,"column":4},"end":{"line":75,"column":23}},{"start":{"line":76,"column":5},"end":{"line":76,"column":21}},{"start":{"line":76,"column":25},"end":{"line":76,"column":48}},{"start":{"line":76,"column":52},"end":{"line":76,"column":75}}],"line":75},"23":{"loc":{"start":{"line":80,"column":2},"end":{"line":84,"column":45}},"type":"if","locations":[{"start":{"line":80,"column":2},"end":{"line":84,"column":45}},{"start":{},"end":{}}],"line":80},"24":{"loc":{"start":{"line":81,"column":4},"end":{"line":82,"column":61}},"type":"binary-expr","locations":[{"start":{"line":81,"column":4},"end":{"line":81,"column":21}},{"start":{"line":82,"column":5},"end":{"line":82,"column":19}},{"start":{"line":82,"column":23},"end":{"line":82,"column":60}}],"line":81},"25":{"loc":{"start":{"line":86,"column":2},"end":{"line":90,"column":54}},"type":"if","locations":[{"start":{"line":86,"column":2},"end":{"line":90,"column":54}},{"start":{},"end":{}}],"line":86},"26":{"loc":{"start":{"line":87,"column":4},"end":{"line":88,"column":73}},"type":"binary-expr","locations":[{"start":{"line":87,"column":4},"end":{"line":87,"column":24}},{"start":{"line":88,"column":5},"end":{"line":88,"column":27}},{"start":{"line":88,"column":31},"end":{"line":88,"column":72}}],"line":87},"27":{"loc":{"start":{"line":92,"column":2},"end":{"line":96,"column":49}},"type":"if","locations":[{"start":{"line":92,"column":2},"end":{"line":96,"column":49}},{"start":{},"end":{}}],"line":92},"28":{"loc":{"start":{"line":93,"column":4},"end":{"line":94,"column":91}},"type":"binary-expr","locations":[{"start":{"line":93,"column":4},"end":{"line":93,"column":29}},{"start":{"line":94,"column":5},"end":{"line":94,"column":36}},{"start":{"line":94,"column":40},"end":{"line":94,"column":60}},{"start":{"line":94,"column":64},"end":{"line":94,"column":90}}],"line":93},"29":{"loc":{"start":{"line":100,"column":2},"end":{"line":125,"column":3}},"type":"if","locations":[{"start":{"line":100,"column":2},"end":{"line":125,"column":3}},{"start":{},"end":{}}],"line":100},"30":{"loc":{"start":{"line":103,"column":4},"end":{"line":113,"column":5}},"type":"if","locations":[{"start":{"line":103,"column":4},"end":{"line":113,"column":5}},{"start":{"line":105,"column":11},"end":{"line":113,"column":5}}],"line":103},"31":{"loc":{"start":{"line":105,"column":11},"end":{"line":113,"column":5}},"type":"if","locations":[{"start":{"line":105,"column":11},"end":{"line":113,"column":5}},{"start":{"line":111,"column":11},"end":{"line":113,"column":5}}],"line":105},"32":{"loc":{"start":{"line":106,"column":6},"end":{"line":108,"column":39}},"type":"binary-expr","locations":[{"start":{"line":106,"column":6},"end":{"line":106,"column":18}},{"start":{"line":107,"column":6},"end":{"line":107,"column":38}},{"start":{"line":108,"column":6},"end":{"line":108,"column":39}}],"line":106},"33":{"loc":{"start":{"line":115,"column":4},"end":{"line":124,"column":5}},"type":"if","locations":[{"start":{"line":115,"column":4},"end":{"line":124,"column":5}},{"start":{},"end":{}}],"line":115},"34":{"loc":{"start":{"line":117,"column":15},"end":{"line":117,"column":70}},"type":"binary-expr","locations":[{"start":{"line":117,"column":15},"end":{"line":117,"column":36}},{"start":{"line":117,"column":40},"end":{"line":117,"column":70}}],"line":117},"35":{"loc":{"start":{"line":119,"column":6},"end":{"line":123,"column":7}},"type":"if","locations":[{"start":{"line":119,"column":6},"end":{"line":123,"column":7}},{"start":{"line":121,"column":13},"end":{"line":123,"column":7}}],"line":119},"36":{"loc":{"start":{"line":127,"column":2},"end":{"line":127,"column":61}},"type":"if","locations":[{"start":{"line":127,"column":2},"end":{"line":127,"column":61}},{"start":{},"end":{}}],"line":127},"37":{"loc":{"start":{"line":130,"column":2},"end":{"line":130,"column":50}},"type":"if","locations":[{"start":{"line":130,"column":2},"end":{"line":130,"column":50}},{"start":{},"end":{}}],"line":130},"38":{"loc":{"start":{"line":132,"column":2},"end":{"line":132,"column":62}},"type":"if","locations":[{"start":{"line":132,"column":2},"end":{"line":132,"column":62}},{"start":{},"end":{}}],"line":132},"39":{"loc":{"start":{"line":133,"column":2},"end":{"line":133,"column":62}},"type":"if","locations":[{"start":{"line":133,"column":2},"end":{"line":133,"column":62}},{"start":{},"end":{}}],"line":133},"40":{"loc":{"start":{"line":134,"column":2},"end":{"line":134,"column":50}},"type":"if","locations":[{"start":{"line":134,"column":2},"end":{"line":134,"column":50}},{"start":{},"end":{}}],"line":134},"41":{"loc":{"start":{"line":135,"column":2},"end":{"line":135,"column":53}},"type":"if","locations":[{"start":{"line":135,"column":2},"end":{"line":135,"column":53}},{"start":{},"end":{}}],"line":135},"42":{"loc":{"start":{"line":136,"column":2},"end":{"line":136,"column":47}},"type":"if","locations":[{"start":{"line":136,"column":2},"end":{"line":136,"column":47}},{"start":{},"end":{}}],"line":136},"43":{"loc":{"start":{"line":139,"column":2},"end":{"line":151,"column":3}},"type":"if","locations":[{"start":{"line":139,"column":2},"end":{"line":151,"column":3}},{"start":{},"end":{}}],"line":139},"44":{"loc":{"start":{"line":140,"column":4},"end":{"line":145,"column":22}},"type":"binary-expr","locations":[{"start":{"line":140,"column":4},"end":{"line":140,"column":26}},{"start":{"line":141,"column":4},"end":{"line":141,"column":26}},{"start":{"line":142,"column":4},"end":{"line":142,"column":22}},{"start":{"line":143,"column":4},"end":{"line":143,"column":23}},{"start":{"line":144,"column":4},"end":{"line":144,"column":21}},{"start":{"line":145,"column":4},"end":{"line":145,"column":22}}],"line":140},"45":{"loc":{"start":{"line":148,"column":16},"end":{"line":148,"column":43}},"type":"binary-expr","locations":[{"start":{"line":148,"column":16},"end":{"line":148,"column":25}},{"start":{"line":148,"column":29},"end":{"line":148,"column":37}},{"start":{"line":148,"column":41},"end":{"line":148,"column":43}}],"line":148},"46":{"loc":{"start":{"line":149,"column":17},"end":{"line":149,"column":45}},"type":"binary-expr","locations":[{"start":{"line":149,"column":17},"end":{"line":149,"column":27}},{"start":{"line":149,"column":31},"end":{"line":149,"column":39}},{"start":{"line":149,"column":43},"end":{"line":149,"column":45}}],"line":149},"47":{"loc":{"start":{"line":150,"column":15},"end":{"line":150,"column":41}},"type":"binary-expr","locations":[{"start":{"line":150,"column":15},"end":{"line":150,"column":23}},{"start":{"line":150,"column":27},"end":{"line":150,"column":35}},{"start":{"line":150,"column":39},"end":{"line":150,"column":41}}],"line":150},"48":{"loc":{"start":{"line":153,"column":2},"end":{"line":153,"column":70}},"type":"if","locations":[{"start":{"line":153,"column":2},"end":{"line":153,"column":70}},{"start":{},"end":{}}],"line":153},"49":{"loc":{"start":{"line":154,"column":2},"end":{"line":154,"column":64}},"type":"if","locations":[{"start":{"line":154,"column":2},"end":{"line":154,"column":64}},{"start":{},"end":{}}],"line":154},"50":{"loc":{"start":{"line":155,"column":2},"end":{"line":155,"column":87}},"type":"if","locations":[{"start":{"line":155,"column":2},"end":{"line":155,"column":87}},{"start":{},"end":{}}],"line":155}},"s":{"0":8,"1":8,"2":8,"3":8,"4":9,"5":8,"6":2,"7":8,"8":2,"9":2,"10":2,"11":2,"12":0,"13":2,"14":2,"15":1,"16":3,"17":1,"18":1,"19":1,"20":2,"21":2,"22":0,"23":2,"24":0,"25":2,"26":8,"27":6,"28":6,"29":6,"30":6,"31":6,"32":0,"33":6,"34":6,"35":0,"36":6,"37":0,"38":6,"39":0,"40":6,"41":0,"42":6,"43":1,"44":6,"45":2,"46":6,"47":0,"48":0,"49":6,"50":0,"51":6,"52":6,"53":2,"54":2,"55":1,"56":1,"57":0,"58":1,"59":2,"60":1,"61":3,"62":1,"63":0,"64":1,"65":6,"66":4,"67":2,"68":1,"69":2,"70":1,"71":2,"72":0,"73":2,"74":1,"75":2,"76":1,"77":2,"78":1,"79":2,"80":0,"81":0,"82":0,"83":0,"84":0,"85":2,"86":0,"87":0,"88":2,"89":0,"90":2,"91":1,"92":2,"93":2,"94":8},"f":{"0":9,"1":2,"2":2,"3":2,"4":3,"5":6,"6":6,"7":0,"8":3,"9":0,"10":0},"b":{"0":[2,2],"1":[0,2],"2":[1,1],"3":[2,1],"4":[1,1,0],"5":[1,1,0],"6":[1,1,0],"7":[2,0],"8":[0,2],"9":[0,2],"10":[2,0],"11":[6,0],"12":[0,6],"13":[0,6],"14":[6,1],"15":[0,6],"16":[6,1],"17":[0,6],"18":[6,0],"19":[0,6],"20":[6,1],"21":[1,5],"22":[6,2,2,1],"23":[2,4],"24":[6,3,3],"25":[0,6],"26":[6,0,0],"27":[0,6],"28":[6,0,0,0],"29":[2,4],"30":[1,1],"31":[0,1],"32":[1,1,1],"33":[1,1],"34":[3,3],"35":[0,1],"36":[4,2],"37":[1,1],"38":[1,1],"39":[0,2],"40":[1,1],"41":[1,1],"42":[1,1],"43":[0,2],"44":[2,0,0,0,0,0],"45":[0,0,0],"46":[0,0,0],"47":[0,0,0],"48":[0,2],"49":[0,2],"50":[1,1]},"_coverageSchema":"1a1c01bbd47fc00a2c39e90264f33305004495a9","hash":"21b587fb4d6f33e5f1811a692057ec5ec4219d1d"}
,"C:\\Users\\PC\\Desktop\\4353-Software-Design-Project-\\Server\\routes\\volunteerHistoryRoutes.js": {"path":"C:\\Users\\PC\\Desktop\\4353-Software-Design-Project-\\Server\\routes\\volunteerHistoryRoutes.js","statementMap":{"0":{"start":{"line":1,"column":16},"end":{"line":1,"column":34}},"1":{"start":{"line":2,"column":15},"end":{"line":2,"column":31}},"2":{"start":{"line":3,"column":31},"end":{"line":3,"column":58}},"3":{"start":{"line":6,"column":0},"end":{"line":15,"column":3}},"4":{"start":{"line":7,"column":21},"end":{"line":7,"column":31}},"5":{"start":{"line":8,"column":18},"end":{"line":8,"column":67}},"6":{"start":{"line":8,"column":47},"end":{"line":8,"column":66}},"7":{"start":{"line":10,"column":2},"end":{"line":12,"column":3}},"8":{"start":{"line":11,"column":4},"end":{"line":11,"column":89}},"9":{"start":{"line":14,"column":2},"end":{"line":14,"column":36}},"10":{"start":{"line":17,"column":0},"end":{"line":17,"column":24}}},"fnMap":{"0":{"name":"(anonymous_0)","decl":{"start":{"line":6,"column":23},"end":{"line":6,"column":24}},"loc":{"start":{"line":6,"column":37},"end":{"line":15,"column":1}},"line":6},"1":{"name":"(anonymous_1)","decl":{"start":{"line":8,"column":42},"end":{"line":8,"column":43}},"loc":{"start":{"line":8,"column":47},"end":{"line":8,"column":66}},"line":8}},"branchMap":{"0":{"loc":{"start":{"line":10,"column":2},"end":{"line":12,"column":3}},"type":"if","locations":[{"start":{"line":10,"column":2},"end":{"line":12,"column":3}},{"start":{},"end":{}}],"line":10}},"s":{"0":8,"1":8,"2":8,"3":8,"4":2,"5":2,"6":2,"7":2,"8":1,"9":1,"10":8},"f":{"0":2,"1":2},"b":{"0":[1,1]},"_coverageSchema":"1a1c01bbd47fc00a2c39e90264f33305004495a9","hash":"d6afbd97fa666ea917231d7b6b1535dfc83c2217"}
}
