TN:
SF:app.js
FN:19,(anonymous_0)
FNF:1
FNH:0
FNDA:0,(anonymous_0)
DA:2,8
DA:3,8
DA:6,8
DA:7,8
DA:8,8
DA:9,8
DA:10,8
DA:12,8
DA:15,8
DA:16,8
DA:19,8
DA:22,8
DA:23,8
DA:24,8
DA:25,8
DA:26,8
DA:28,8
LF:17
LH:17
BRF:0
BRH:0
end_of_record
TN:
SF:data\mockData.js
FN:105,__resetAll
FNF:1
FNH:1
FNDA:22,__resetAll
DA:4,8
DA:99,8
DA:100,8
DA:101,8
DA:102,8
DA:106,22
DA:107,22
DA:108,22
DA:109,22
DA:112,8
LF:10
LH:10
BRF:0
BRH:0
end_of_record
TN:
SF:routes\authRoutes.js
FN:13,(anonymous_0)
FN:20,(anonymous_1)
FN:48,(anonymous_2)
FN:57,authenticateToken
FN:63,(anonymous_4)
FNF:5
FNH:2
FNDA:0,(anonymous_0)
FNDA:4,(anonymous_1)
FNDA:2,(anonymous_2)
FNDA:0,authenticateToken
FNDA:0,(anonymous_4)
DA:2,8
DA:3,8
DA:4,8
DA:5,8
DA:6,8
DA:9,8
DA:10,8
DA:13,8
DA:14,0
DA:16,0
DA:20,8
DA:21,4
DA:23,4
DA:25,4
DA:26,4
DA:27,2
DA:30,2
DA:40,2
DA:42,0
DA:43,0
DA:48,8
DA:49,2
DA:50,2
DA:51,2
DA:52,1
DA:53,1
DA:58,0
DA:59,0
DA:60,0
DA:61,0
DA:63,0
DA:64,0
DA:65,0
DA:66,0
DA:70,8
DA:71,8
LF:36
LH:24
BRDA:9,0,0,8
BRDA:9,0,1,8
BRDA:14,1,0,0
BRDA:14,1,1,0
BRDA:21,2,0,4
BRDA:21,2,1,0
BRDA:26,3,0,2
BRDA:26,3,1,2
BRDA:50,4,0,2
BRDA:50,4,1,1
BRDA:51,5,0,1
BRDA:51,5,1,1
BRDA:59,6,0,0
BRDA:59,6,1,0
BRDA:60,7,0,0
BRDA:60,7,1,0
BRDA:61,8,0,0
BRDA:61,8,1,0
BRDA:63,9,0,0
BRDA:63,9,1,0
BRDA:64,10,0,0
BRDA:64,10,1,0
BRF:22
BRH:9
end_of_record
TN:
SF:routes\eventRoutes.js
FN:7,(anonymous_0)
FN:12,(anonymous_1)
FN:14,(anonymous_2)
FNF:3
FNH:3
FNDA:1,(anonymous_0)
FNDA:2,(anonymous_1)
FNDA:3,(anonymous_2)
DA:2,8
DA:3,8
DA:4,8
DA:7,8
DA:8,1
DA:12,8
DA:13,2
DA:14,3
DA:15,2
DA:16,1
DA:18,1
DA:21,8
LF:12
LH:12
BRDA:15,0,0,1
BRDA:15,0,1,1
BRF:2
BRH:2
end_of_record
TN:
SF:routes\inboxRoutes.js
FN:6,(anonymous_0)
FN:9,(anonymous_1)
FN:13,(anonymous_2)
FN:14,(anonymous_3)
FN:17,(anonymous_4)
FN:22,(anonymous_5)
FN:43,(anonymous_6)
FN:80,(anonymous_7)
FN:82,(anonymous_8)
FN:90,(anonymous_9)
FN:93,(anonymous_10)
FN:103,(anonymous_11)
FN:105,(anonymous_12)
FNF:13
FNH:13
FNDA:23,(anonymous_0)
FNDA:3,(anonymous_1)
FNDA:6,(anonymous_2)
FNDA:6,(anonymous_3)
FNDA:2,(anonymous_4)
FNDA:5,(anonymous_5)
FNDA:5,(anonymous_6)
FNDA:1,(anonymous_7)
FNDA:1,(anonymous_8)
FNDA:2,(anonymous_9)
FNDA:4,(anonymous_10)
FNDA:1,(anonymous_11)
FNDA:1,(anonymous_12)
DA:1,8
DA:2,8
DA:3,8
DA:6,23
DA:9,8
DA:10,3
DA:11,3
DA:13,6
DA:14,6
DA:17,3
DA:18,3
DA:22,8
DA:23,5
DA:24,5
DA:26,5
DA:27,5
DA:28,5
DA:29,5
DA:32,5
DA:33,3
DA:34,1
DA:38,5
DA:41,3
DA:42,2
DA:44,5
DA:50,2
DA:52,1
DA:61,2
DA:62,2
DA:64,2
DA:74,2
DA:76,2
DA:80,8
DA:81,1
DA:82,1
DA:83,1
DA:85,1
DA:86,1
DA:90,8
DA:91,2
DA:92,2
DA:93,2
DA:94,4
DA:95,4
DA:96,4
DA:99,2
DA:103,8
DA:104,1
DA:105,1
DA:106,1
DA:107,1
DA:108,1
DA:111,8
LF:53
LH:53
BRDA:6,0,0,23
BRDA:6,0,1,18
BRDA:11,1,0,3
BRDA:11,1,1,0
BRDA:14,2,0,3
BRDA:14,2,1,0
BRDA:23,3,0,5
BRDA:23,3,1,0
BRDA:26,4,0,1
BRDA:26,4,1,4
BRDA:27,5,0,1
BRDA:27,5,1,4
BRDA:28,6,0,1
BRDA:28,6,1,4
BRDA:29,7,0,1
BRDA:29,7,1,4
BRDA:32,8,0,3
BRDA:32,8,1,2
BRDA:33,9,0,1
BRDA:33,9,1,2
BRDA:33,10,0,3
BRDA:33,10,1,3
BRDA:38,11,0,2
BRDA:38,11,1,3
BRDA:41,12,0,2
BRDA:41,12,1,1
BRDA:41,13,0,3
BRDA:41,13,1,2
BRDA:44,14,0,5
BRDA:44,14,1,5
BRDA:44,14,2,3
BRDA:44,14,3,3
BRDA:50,15,0,1
BRDA:50,15,1,1
BRDA:72,16,0,2
BRDA:72,16,1,1
BRDA:83,17,0,0
BRDA:83,17,1,1
BRDA:94,18,0,4
BRDA:94,18,1,0
BRDA:94,19,0,4
BRDA:94,19,1,4
BRDA:106,20,0,0
BRDA:106,20,1,1
BRF:44
BRH:38
end_of_record
TN:
SF:routes\profileRoutes.js
FN:7,(anonymous_0)
FN:8,(anonymous_1)
FN:11,(anonymous_2)
FN:13,(anonymous_3)
FN:20,(anonymous_4)
FN:42,(anonymous_5)
FN:57,(anonymous_6)
FN:88,(anonymous_7)
FN:117,(anonymous_8)
FN:147,(anonymous_9)
FN:153,(anonymous_10)
FNF:11
FNH:8
FNDA:9,(anonymous_0)
FNDA:2,(anonymous_1)
FNDA:2,(anonymous_2)
FNDA:2,(anonymous_3)
FNDA:3,(anonymous_4)
FNDA:6,(anonymous_5)
FNDA:6,(anonymous_6)
FNDA:0,(anonymous_7)
FNDA:3,(anonymous_8)
FNDA:0,(anonymous_9)
FNDA:0,(anonymous_10)
DA:2,8
DA:3,8
DA:4,8
DA:7,9
DA:8,8
DA:11,8
DA:12,2
DA:13,2
DA:14,2
DA:16,2
DA:19,2
DA:20,3
DA:21,1
DA:22,1
DA:23,1
DA:27,2
DA:28,2
DA:29,0
DA:30,2
DA:34,0
DA:38,2
DA:42,8
DA:43,6
DA:55,6
DA:57,6
DA:58,6
DA:60,6
DA:62,6
DA:63,0
DA:65,6
DA:66,0
DA:68,6
DA:69,0
DA:71,6
DA:72,0
DA:74,6
DA:78,1
DA:80,6
DA:84,2
DA:86,6
DA:88,0
DA:90,0
DA:92,6
DA:96,0
DA:99,6
DA:100,6
DA:101,2
DA:103,2
DA:104,1
DA:105,1
DA:110,0
DA:112,1
DA:115,2
DA:116,1
DA:117,3
DA:119,1
DA:120,0
DA:122,1
DA:127,6
DA:130,2
DA:132,2
DA:133,2
DA:134,2
DA:135,2
DA:136,2
DA:139,2
DA:147,0
DA:148,0
DA:149,0
DA:150,0
DA:153,2
DA:154,2
DA:155,2
DA:157,2
DA:158,2
DA:161,8
LF:76
LH:61
BRDA:8,0,0,2
BRDA:8,0,1,2
BRDA:14,1,0,0
BRDA:14,1,1,2
BRDA:19,2,0,1
BRDA:19,2,1,1
BRDA:19,3,0,2
BRDA:19,3,1,1
BRDA:21,4,0,1
BRDA:21,4,1,1
BRDA:21,4,2,0
BRDA:22,5,0,1
BRDA:22,5,1,1
BRDA:22,5,2,0
BRDA:23,6,0,1
BRDA:23,6,1,1
BRDA:23,6,2,0
BRDA:27,7,0,2
BRDA:27,7,1,0
BRDA:28,8,0,0
BRDA:28,8,1,2
BRDA:30,9,0,0
BRDA:30,9,1,2
BRDA:31,10,0,2
BRDA:31,10,1,0
BRDA:55,11,0,6
BRDA:55,11,1,0
BRDA:58,12,0,0
BRDA:58,12,1,6
BRDA:62,13,0,0
BRDA:62,13,1,6
BRDA:62,14,0,6
BRDA:62,14,1,1
BRDA:65,15,0,0
BRDA:65,15,1,6
BRDA:65,16,0,6
BRDA:65,16,1,1
BRDA:68,17,0,0
BRDA:68,17,1,6
BRDA:68,18,0,6
BRDA:68,18,1,0
BRDA:71,19,0,0
BRDA:71,19,1,6
BRDA:71,20,0,6
BRDA:71,20,1,1
BRDA:74,21,0,1
BRDA:74,21,1,5
BRDA:75,22,0,6
BRDA:75,22,1,2
BRDA:75,22,2,2
BRDA:75,22,3,1
BRDA:80,23,0,2
BRDA:80,23,1,4
BRDA:81,24,0,6
BRDA:81,24,1,3
BRDA:81,24,2,3
BRDA:86,25,0,0
BRDA:86,25,1,6
BRDA:87,26,0,6
BRDA:87,26,1,0
BRDA:87,26,2,0
BRDA:92,27,0,0
BRDA:92,27,1,6
BRDA:93,28,0,6
BRDA:93,28,1,0
BRDA:93,28,2,0
BRDA:93,28,3,0
BRDA:100,29,0,2
BRDA:100,29,1,4
BRDA:103,30,0,1
BRDA:103,30,1,1
BRDA:105,31,0,0
BRDA:105,31,1,1
BRDA:106,32,0,1
BRDA:106,32,1,1
BRDA:106,32,2,1
BRDA:115,33,0,1
BRDA:115,33,1,1
BRDA:117,34,0,3
BRDA:117,34,1,3
BRDA:119,35,0,0
BRDA:119,35,1,1
BRDA:127,36,0,4
BRDA:127,36,1,2
BRDA:130,37,0,1
BRDA:130,37,1,1
BRDA:132,38,0,1
BRDA:132,38,1,1
BRDA:133,39,0,0
BRDA:133,39,1,2
BRDA:134,40,0,1
BRDA:134,40,1,1
BRDA:135,41,0,1
BRDA:135,41,1,1
BRDA:136,42,0,1
BRDA:136,42,1,1
BRDA:139,43,0,0
BRDA:139,43,1,2
BRDA:140,44,0,2
BRDA:140,44,1,0
BRDA:140,44,2,0
BRDA:140,44,3,0
BRDA:140,44,4,0
BRDA:140,44,5,0
BRDA:148,45,0,0
BRDA:148,45,1,0
BRDA:148,45,2,0
BRDA:149,46,0,0
BRDA:149,46,1,0
BRDA:149,46,2,0
BRDA:150,47,0,0
BRDA:150,47,1,0
BRDA:150,47,2,0
BRDA:153,48,0,0
BRDA:153,48,1,2
BRDA:154,49,0,0
BRDA:154,49,1,2
BRDA:155,50,0,1
BRDA:155,50,1,1
BRF:119
BRH:77
end_of_record
TN:
SF:routes\volunteerHistoryRoutes.js
FN:6,(anonymous_0)
FN:8,(anonymous_1)
FNF:2
FNH:2
FNDA:2,(anonymous_0)
FNDA:2,(anonymous_1)
DA:1,8
DA:2,8
DA:3,8
DA:6,8
DA:7,2
DA:8,2
DA:10,2
DA:11,1
DA:14,1
DA:17,8
LF:10
LH:10
BRDA:10,0,0,1
BRDA:10,0,1,1
BRF:2
BRH:2
end_of_record
